/*C2*/SET SCHEMA PUBLIC
DELETE FROM "mendixsystem$version" WHERE "versionnumber"='4.2'
INSERT INTO "mendixsystem$version" VALUES('4.2','2021-05-21 09:51:47.507000','4.1.0','unversioned','Approval Template','9.1.1.19613')
COMMIT
/*C3*/SET SCHEMA PUBLIC
DELETE FROM "mendixsystem$entityidentifier" WHERE "id"='d4154981-8dac-4150-aec5-efa3ef62a7a2'
INSERT INTO "mendixsystem$entityidentifier" VALUES('d4154981-8dac-4150-aec5-efa3ef62a7a2',4,601)
COMMIT
INSERT INTO "system$xasinstance" VALUES(1125899906843125,'289bfa98-7852-4470-aa4b-fc3e2cbe929f','2021-06-29 13:31:02.011000','2021-06-29 13:31:02.017000',NULL,NULL,NULL)
COMMIT
DELETE FROM "system$userrole" WHERE "id"=13229323905400833
INSERT INTO "system$userrole" VALUES(13229323905400833,'53f5d6fa-6da9-4a71-b011-454ec052cce8','','Requester')
DELETE FROM "system$userrole" WHERE "id"=13229323905400834
INSERT INTO "system$userrole" VALUES(13229323905400834,'8dd52bfa-6d7e-453b-b506-303c0a3d9567','','Administrator')
DELETE FROM "system$userrole" WHERE "id"=13229323905400835
INSERT INTO "system$userrole" VALUES(13229323905400835,'39ca7aa6-835a-4b90-bf33-51a44ae9b1bb','','Approver')
COMMIT
/*C2*/DELETE FROM "system$user" WHERE "id"=11258999068426241
INSERT INTO "system$user" VALUES(11258999068426241,'2021-05-21 00:29:49.161000',TRUE,'2021-05-21 00:29:49.161000','2021-05-21 02:19:38.356000',FALSE,FALSE,0,FALSE,'demo_administrator','{BCrypt}$2a$10$1rHnhUMFdMQk/iZd8zmfteyX.VlhsXY6sLFAvyA5IlPnGooLcBVfa','MendixSSO.MendixSSOUser',NULL,11258999068426241)
COMMIT
DELETE FROM "system$user" WHERE "id"=11258999068426242
INSERT INTO "system$user" VALUES(11258999068426242,'2021-05-21 00:29:49.323000',TRUE,'2021-05-21 00:29:49.323000','2021-05-21 02:19:20.027000',FALSE,FALSE,0,FALSE,'demo_requester','{BCrypt}$2a$10$nNTyv11vqYSRgubWkGjVUup4YEHPk3az1v0nphlc91mWIrggspniK','MendixSSO.MendixSSOUser',NULL,11258999068426242)
COMMIT
DELETE FROM "system$user" WHERE "id"=11258999068426243
INSERT INTO "system$user" VALUES(11258999068426243,'2021-05-21 00:29:49.430000',TRUE,'2021-05-21 00:29:49.430000','2021-05-21 02:19:12.573000',FALSE,FALSE,0,FALSE,'demo_approver','{BCrypt}$2a$10$gZIgs4jIkYE4RMVbiaeJTu5dWHl2NdO3f3ujuVrMLEOWr7NSnaHoa','MendixSSO.MendixSSOUser',NULL,11258999068426243)
COMMIT
DELETE FROM "system$user" WHERE "id"=11258999068426341
INSERT INTO "system$user" VALUES(11258999068426341,'2021-05-21 01:54:39.672000',TRUE,'2021-05-21 01:54:39.672000','2021-05-21 02:18:56.559000',FALSE,FALSE,0,FALSE,'demo_approver2','{BCrypt}$2a$10$Fo1bkpeR6qAC9TOJ/uowveYXfP9sbooi8Ca1RlsNwkAWMokNaNcNW','MendixSSO.MendixSSOUser',NULL,11258999068426341)
COMMIT
DELETE FROM "mendixsystem$properties" WHERE "key"='Mendix.Runtime.DeploymentID'
INSERT INTO "mendixsystem$properties" VALUES('Mendix.Runtime.DeploymentID','637605990483106052')
COMMIT
DELETE FROM "system$session" WHERE "id"=7318349394477379
DELETE FROM "system$session_user" WHERE "system$sessionid"=7318349394477379 AND "system$userid"=11258999068426241
COMMIT
DELETE FROM "system$workflowdefinition" WHERE "id"=12103423998558209
DELETE FROM "system$workflowtaskdefinition" WHERE "id"=2533274790395905
INSERT INTO "system$workflowtaskdefinition" VALUES(2533274790395905,'6ec45cf4-ab69-4ce8-84cc-a085149b018e',FALSE,'Approver: Evaluate the request')
DELETE FROM "system$taskdefinition_workflowdefinition" WHERE "system$workflowtaskdefinitionid"=2533274790395905 AND "system$workflowdefinitionid"=12103423998558209
INSERT INTO "system$taskdefinition_workflowdefinition" VALUES(2533274790395905,12103423998558209)
DELETE FROM "system$workflowtaskdefinition" WHERE "id"=2533274790395906
INSERT INTO "system$workflowtaskdefinition" VALUES(2533274790395906,'90ebd887-487c-4fcd-822b-ebfa821f2c60',FALSE,'Approve')
DELETE FROM "system$taskdefinition_workflowdefinition" WHERE "system$workflowtaskdefinitionid"=2533274790395906 AND "system$workflowdefinitionid"=12103423998558209
INSERT INTO "system$taskdefinition_workflowdefinition" VALUES(2533274790395906,12103423998558209)
DELETE FROM "system$workflowtaskdefinition" WHERE "id"=2533274790395907
INSERT INTO "system$workflowtaskdefinition" VALUES(2533274790395907,'760de0af-9d92-40c5-b066-d1d226abf5db',FALSE,'Reject')
DELETE FROM "system$taskdefinition_workflowdefinition" WHERE "system$workflowtaskdefinitionid"=2533274790395907 AND "system$workflowdefinitionid"=12103423998558209
INSERT INTO "system$taskdefinition_workflowdefinition" VALUES(2533274790395907,12103423998558209)
INSERT INTO "system$workflowdefinition" VALUES(12103423998558209,'a700d086-2650-4346-96f7-28c84c8c6b6a','Request Workflow',FALSE,'Approvals.RequestWorkflow')
COMMIT
/*C9*/SET SCHEMA PUBLIC
DELETE FROM "system$user" WHERE "id"=844424930131969
INSERT INTO "system$user" VALUES(844424930131969,'2021-05-21 00:29:50.355000',TRUE,'2021-05-21 00:29:50.355000','2021-05-21 02:01:04.508000',FALSE,FALSE,0,FALSE,'MxAdmin','{BCrypt}$2a$10$BPvviCfS9wZbGE7L7dHI1u9MFqVRvucqKB7CDxzGukNO2v0hNy90a','System.User',NULL,844424930131969)
COMMIT
DELETE FROM "system$xasinstance" WHERE "id"=1125899906843125
INSERT INTO "system$xasinstance" VALUES(1125899906843125,'289bfa98-7852-4470-aa4b-fc3e2cbe929f','2021-06-29 13:31:02.011000','2021-06-29 13:31:04.224000',NULL,NULL,NULL)
COMMIT
/*C5*/SET SCHEMA PUBLIC
DELETE FROM "system$user" WHERE "id"=844424930131969
INSERT INTO "system$user" VALUES(844424930131969,'2021-05-21 00:29:50.355000',TRUE,'2021-05-21 00:29:50.355000','2021-06-29 13:31:17.698000',FALSE,FALSE,0,FALSE,'MxAdmin','{BCrypt}$2a$10$BPvviCfS9wZbGE7L7dHI1u9MFqVRvucqKB7CDxzGukNO2v0hNy90a','System.User',NULL,844424930131969)
COMMIT
/*C8*/SET SCHEMA PUBLIC
DELETE FROM "mendixsystem$entityidentifier" WHERE "id"='37f9fd49-5318-4c63-9a51-f761779b202f'
INSERT INTO "mendixsystem$entityidentifier" VALUES('37f9fd49-5318-4c63-9a51-f761779b202f',26,501)
COMMIT
INSERT INTO "system$session" VALUES(7318349394477457,NULL,'2a8c4bf9-bbac-460b-ab66-83d723909ba3','2021-06-29 13:31:17.730000','05ea47de-72b3-42b0-bf4a-eb17ca9cf9e9','2021-06-29 13:31:17.730000',FALSE,'bb44972b-02a9-4c24-b555-617fefc1ce07')
INSERT INTO "system$session_user" VALUES(7318349394477457,844424930131969)
COMMIT
DELETE FROM "system$session" WHERE "id"=7318349394477457
INSERT INTO "system$session" VALUES(7318349394477457,NULL,'2a8c4bf9-bbac-460b-ab66-83d723909ba3','2021-06-29 13:31:17.730000','05ea47de-72b3-42b0-bf4a-eb17ca9cf9e9','2021-06-29 13:31:17.930000',FALSE,'bb44972b-02a9-4c24-b555-617fefc1ce07')
COMMIT
/*C5*/DELETE FROM "system$session" WHERE "id"=7318349394477457
DELETE FROM "system$session_user" WHERE "system$sessionid"=7318349394477457 AND "system$userid"=844424930131969
COMMIT
/*C4*/SET SCHEMA PUBLIC
DELETE FROM "system$user" WHERE "id"=11258999068426242
INSERT INTO "system$user" VALUES(11258999068426242,'2021-05-21 00:29:49.323000',TRUE,'2021-05-21 00:29:49.323000','2021-06-29 13:31:26.672000',FALSE,FALSE,0,FALSE,'demo_requester','{BCrypt}$2a$10$nNTyv11vqYSRgubWkGjVUup4YEHPk3az1v0nphlc91mWIrggspniK','MendixSSO.MendixSSOUser',NULL,11258999068426242)
COMMIT
/*C5*/INSERT INTO "system$session" VALUES(7318349394477458,NULL,'1a17a1b3-f08b-4ad5-b1b8-26ffd4c64e1f','2021-06-29 13:31:26.684000','9a90c756-087f-4e36-a7f2-01b9b6b7b900','2021-06-29 13:31:26.684000',FALSE,'c713b38b-608e-4013-8145-a98184544c22')
INSERT INTO "system$session_user" VALUES(7318349394477458,11258999068426242)
COMMIT
DELETE FROM "system$session" WHERE "id"=7318349394477458
INSERT INTO "system$session" VALUES(7318349394477458,NULL,'1a17a1b3-f08b-4ad5-b1b8-26ffd4c64e1f','2021-06-29 13:31:26.684000','9a90c756-087f-4e36-a7f2-01b9b6b7b900','2021-06-29 13:31:26.865000',FALSE,'c713b38b-608e-4013-8145-a98184544c22')
COMMIT
/*C3*/DELETE FROM "mendixsystem$entityidentifier" WHERE "id"='e6fe43b5-2cce-47f4-867f-7c7713fa051c'
INSERT INTO "mendixsystem$entityidentifier" VALUES('e6fe43b5-2cce-47f4-867f-7c7713fa051c',25,401)
COMMIT
ALTER SEQUENCE PUBLIC."approvals$request_requestid_mxseq" RESTART WITH 10
/*C5*/DELETE FROM "mendixsystem$entityidentifier" WHERE "id"='0bdec1c4-0500-467e-a6f7-5ad52fda4db4'
INSERT INTO "mendixsystem$entityidentifier" VALUES('0bdec1c4-0500-467e-a6f7-5ad52fda4db4',15,401)
COMMIT
DELETE FROM "mendixsystem$entityidentifier" WHERE "id"='8ac1e90e-718e-4aba-9942-59820582d7a7'
INSERT INTO "mendixsystem$entityidentifier" VALUES('8ac1e90e-718e-4aba-9942-59820582d7a7',24,401)
COMMIT
DELETE FROM "mendixsystem$entityidentifier" WHERE "id"='c6c131c8-8779-4213-9b26-a64e141f26a8'
INSERT INTO "mendixsystem$entityidentifier" VALUES('c6c131c8-8779-4213-9b26-a64e141f26a8',16,401)
COMMIT
ALTER SEQUENCE PUBLIC."system$queuedtask_sequence_mxseq" RESTART WITH 38
INSERT INTO "system$queuedtask" VALUES(4503599627370797,'Idle',NULL,'MendixWorkflows-ExecuteWorkflow',NULL,NULL,NULL,0,'[{"value":"4222124650660141","type":"Identifier"},{"value":true,"type":"Boolean"}]','b9244d80-c9a6-4bcb-935f-36a3a44af730',37,'System.MendixWorkflows-WorkflowExecution','2021-06-29 13:31:42.307000')
COMMIT
/*C8*/INSERT INTO "system$workflowcontext" VALUES(7036874417766701,'Approvals.Request')
INSERT INTO "approvals$request" VALUES(7036874417766701,'Pending',NULL,9,'m1')
INSERT INTO "approvals$requester" VALUES(7036874417766701,11258999068426242)
INSERT INTO "system$workflowinstance" VALUES(4222124650660141,NULL,'Approvals Workflow','InProgress','This workflow allows you to Approve or Reject a request. It is initiated when you save a new request.','2021-06-29 13:31:42.281000','2021-07-07 13:31:42.274000',NULL,11258999068426242)
INSERT INTO "system$workflowinstance_currentactivity" VALUES(4222124650660141,6755399441056045)
INSERT INTO "system$workflowinstance_workflowdefinition" VALUES(4222124650660141,12103423998558209)
INSERT INTO "system$workflowinstance_workflowcontext" VALUES(4222124650660141,7036874417766701)
INSERT INTO "system$workflowactivity" VALUES(6755399441056045,'b697d2e9-677a-301e-a37d-22da80b260be','6d5b3f18-3e07-45a5-89d2-c0a3c6f4a4b0',NULL,'Started',NULL,'2021-06-29 13:31:42.281000',NULL,FALSE,'start',FALSE)
INSERT INTO "system$workflowactivity_workflowinstance" VALUES(6755399441056045,4222124650660141)
INSERT INTO "system$workflowactivity_workflowversion" VALUES(6755399441056045,9288674231451649)
COMMIT
/*C4*/DELETE FROM "system$queuedtask" WHERE "id"=4503599627370797
INSERT INTO "system$queuedtask" VALUES(4503599627370797,'Running',NULL,'MendixWorkflows-ExecuteWorkflow','2021-06-29 13:31:42.986000','289bfa98-7852-4470-aa4b-fc3e2cbe929f',45,0,'[{"value":"4222124650660141","type":"Identifier"},{"value":true,"type":"Boolean"}]','b9244d80-c9a6-4bcb-935f-36a3a44af730',37,'System.MendixWorkflows-WorkflowExecution','2021-06-29 13:31:42.307000')
COMMIT
/*C6*/SET SCHEMA PUBLIC
DELETE FROM "mendixsystem$entityidentifier" WHERE "id"='8a736dc8-91c1-48fd-bc12-57920ea8f046'
INSERT INTO "mendixsystem$entityidentifier" VALUES('8a736dc8-91c1-48fd-bc12-57920ea8f046',66,401)
COMMIT
/*C4*/DELETE FROM "system$workflowinstance" WHERE "id"=4222124650660141
INSERT INTO "system$workflowusertask_targetusers" VALUES(18577348462903597,11258999068426243)
INSERT INTO "system$workflowusertask_targetusers" VALUES(18577348462903597,11258999068426341)
INSERT INTO "system$queuedtask" VALUES(4503599627370798,'Idle',NULL,'MendixWorkflows-ExecuteUserTaskOnCreatedEvent',NULL,NULL,NULL,0,'[{"value":"18577348462903597","type":"Identifier"}]','6b752dcb-6621-4f8e-a962-7e3331aa8a55',38,'System.MendixWorkflows-DefaultTaskExecution','2021-06-29 13:31:43.055000')
INSERT INTO "system$workflowtaskinstance" VALUES(18577348462903597,NULL,NULL,'Starting','2021-06-29 13:31:43.039000',NULL,NULL,'System.WorkflowUserTask')
INSERT INTO "system$workflowusertask" VALUES(18577348462903597,'Please approve or reject this request before 07 Jul 2021 - 1:31 PM.','Approve Request 9: m1','2021-07-07 13:31:43.039000')
INSERT INTO "system$taskinstance_workflowinstance" VALUES(18577348462903597,4222124650660141)
INSERT INTO "system$taskinstance_taskdefinition" VALUES(18577348462903597,2533274790395905)
INSERT INTO "system$workflowinstance" VALUES(4222124650660141,NULL,'Approvals Workflow','InProgress','This workflow allows you to Approve or Reject a request. It is initiated when you save a new request.','2021-06-29 13:31:42.281000','2021-07-07 13:31:42.274000',NULL,11258999068426242)
DELETE FROM "system$workflowinstance_currentactivity" WHERE "system$workflowinstanceid"=4222124650660141 AND "system$workflowactivityid"=6755399441056045
INSERT INTO "system$workflowinstance_currentactivity" VALUES(4222124650660141,6755399441056046)
DELETE FROM "system$workflowinstance_workflowcontext" WHERE "system$workflowinstanceid"=4222124650660141 AND "system$workflowcontextid"=7036874417766701
INSERT INTO "system$workflowinstance_workflowcontext" VALUES(4222124650660141,7036874417766701)
DELETE FROM "system$workflowinstance_workflowdefinition" WHERE "system$workflowinstanceid"=4222124650660141 AND "system$workflowdefinitionid"=12103423998558209
INSERT INTO "system$workflowinstance_workflowdefinition" VALUES(4222124650660141,12103423998558209)
INSERT INTO "system$workflowactivity" VALUES(6755399441056046,'6ec45cf4-ab69-4ce8-84cc-a085149b018e','e5e2aa14-3805-460d-aeab-f30b69900be6',NULL,'Suspended',NULL,'2021-06-29 13:31:43.031000',NULL,FALSE,'Approver: Evaluate the request',FALSE)
INSERT INTO "system$workflowactivity_workflowinstance" VALUES(6755399441056046,4222124650660141)
INSERT INTO "system$workflowactivity_workflowversion" VALUES(6755399441056046,9288674231451649)
INSERT INTO "system$workflowactivity_previousactivity" VALUES(6755399441056046,6755399441056045)
INSERT INTO "system$workflowactivity_taskinstance" VALUES(6755399441056046,18577348462903597)
DELETE FROM "system$workflowactivity" WHERE "id"=6755399441056045
INSERT INTO "system$workflowactivity" VALUES(6755399441056045,'b697d2e9-677a-301e-a37d-22da80b260be','6d5b3f18-3e07-45a5-89d2-c0a3c6f4a4b0','2021-06-29 13:31:43.033000','Finished',NULL,'2021-06-29 13:31:42.281000',NULL,FALSE,'start',FALSE)
COMMIT
DELETE FROM "mendixsystem$entityidentifier" WHERE "id"='eb5c32a1-85ec-49d1-8bca-ecca779cd539'
INSERT INTO "mendixsystem$entityidentifier" VALUES('eb5c32a1-85ec-49d1-8bca-ecca779cd539',62,501)
COMMIT
INSERT INTO "system$processedqueuetask" VALUES(17451448556061073,'Completed','2021-06-29 13:31:42.986000',0,'[{"value":"4222124650660141","type":"Identifier"},{"value":true,"type":"Boolean"}]','b9244d80-c9a6-4bcb-935f-36a3a44af730',37,'2021-06-29 13:31:42.307000',NULL,'MendixWorkflows-ExecuteWorkflow','289bfa98-7852-4470-aa4b-fc3e2cbe929f',45,NULL,'System.MendixWorkflows-WorkflowExecution')
DELETE FROM "system$queuedtask" WHERE "id"=4503599627370797
COMMIT
/*C6*/ALTER SEQUENCE PUBLIC."system$queuedtask_sequence_mxseq" RESTART WITH 39
/*C4*/DELETE FROM "system$queuedtask" WHERE "id"=4503599627370798
INSERT INTO "system$queuedtask" VALUES(4503599627370798,'Running',NULL,'MendixWorkflows-ExecuteUserTaskOnCreatedEvent','2021-06-29 13:31:43.994000','289bfa98-7852-4470-aa4b-fc3e2cbe929f',48,0,'[{"value":"18577348462903597","type":"Identifier"}]','6b752dcb-6621-4f8e-a962-7e3331aa8a55',38,'System.MendixWorkflows-DefaultTaskExecution','2021-06-29 13:31:43.055000')
COMMIT
DELETE FROM "mendixsystem$entityidentifier" WHERE "id"='2aa7ff32-460d-43fa-b1c3-f2061d663fda'
INSERT INTO "mendixsystem$entityidentifier" VALUES('2aa7ff32-460d-43fa-b1c3-f2061d663fda',67,401)
COMMIT
/*C3*/INSERT INTO "approvals$workflowusertaskcontext" VALUES(18858823439614253,TRUE,2)
INSERT INTO "approvals$workflowusertaskcontext_workflowusertask" VALUES(18858823439614253,18577348462903597)
COMMIT
DELETE FROM "system$workflowtaskinstance" WHERE "id"=18577348462903597
INSERT INTO "system$workflowtaskinstance" VALUES(18577348462903597,NULL,NULL,'InProgress','2021-06-29 13:31:43.039000',NULL,NULL,'System.WorkflowUserTask')
DELETE FROM "system$taskinstance_workflowinstance" WHERE "system$workflowtaskinstanceid"=18577348462903597 AND "system$workflowinstanceid"=4222124650660141
INSERT INTO "system$taskinstance_workflowinstance" VALUES(18577348462903597,4222124650660141)
DELETE FROM "system$taskinstance_taskdefinition" WHERE "system$workflowtaskinstanceid"=18577348462903597 AND "system$workflowtaskdefinitionid"=2533274790395905
INSERT INTO "system$taskinstance_taskdefinition" VALUES(18577348462903597,2533274790395905)
COMMIT
ALTER SEQUENCE PUBLIC."system$queuedtask_sequence_mxseq" RESTART WITH 40
INSERT INTO "system$queuedtask" VALUES(4503599627370799,'Idle',NULL,'MendixWorkflows-ExecuteWorkflow',NULL,NULL,NULL,0,'[{"value":"4222124650660141","type":"Identifier"},{"value":true,"type":"Boolean"}]','b9244d80-c9a6-4bcb-935f-36a3a44af730',39,'System.MendixWorkflows-WorkflowExecution','2021-06-29 13:31:44.030000')
COMMIT
INSERT INTO "system$processedqueuetask" VALUES(17451448556061074,'Completed','2021-06-29 13:31:43.994000',0,'[{"value":"18577348462903597","type":"Identifier"}]','6b752dcb-6621-4f8e-a962-7e3331aa8a55',38,'2021-06-29 13:31:43.055000',NULL,'MendixWorkflows-ExecuteUserTaskOnCreatedEvent','289bfa98-7852-4470-aa4b-fc3e2cbe929f',48,NULL,'System.MendixWorkflows-DefaultTaskExecution')
DELETE FROM "system$queuedtask" WHERE "id"=4503599627370798
COMMIT
DELETE FROM "system$queuedtask" WHERE "id"=4503599627370799
INSERT INTO "system$queuedtask" VALUES(4503599627370799,'Running',NULL,'MendixWorkflows-ExecuteWorkflow','2021-06-29 13:31:44.088000','289bfa98-7852-4470-aa4b-fc3e2cbe929f',45,0,'[{"value":"4222124650660141","type":"Identifier"},{"value":true,"type":"Boolean"}]','b9244d80-c9a6-4bcb-935f-36a3a44af730',39,'System.MendixWorkflows-WorkflowExecution','2021-06-29 13:31:44.030000')
COMMIT
DELETE FROM "system$workflowinstance" WHERE "id"=4222124650660141
INSERT INTO "system$workflowinstance" VALUES(4222124650660141,NULL,'Approvals Workflow','InProgress','This workflow allows you to Approve or Reject a request. It is initiated when you save a new request.','2021-06-29 13:31:42.281000','2021-07-07 13:31:42.274000',NULL,11258999068426242)
DELETE FROM "system$workflowinstance_workflowcontext" WHERE "system$workflowinstanceid"=4222124650660141 AND "system$workflowcontextid"=7036874417766701
INSERT INTO "system$workflowinstance_workflowcontext" VALUES(4222124650660141,7036874417766701)
DELETE FROM "system$workflowinstance_workflowdefinition" WHERE "system$workflowinstanceid"=4222124650660141 AND "system$workflowdefinitionid"=12103423998558209
INSERT INTO "system$workflowinstance_workflowdefinition" VALUES(4222124650660141,12103423998558209)
DELETE FROM "system$workflowactivity" WHERE "id"=6755399441056046
INSERT INTO "system$workflowactivity" VALUES(6755399441056046,'6ec45cf4-ab69-4ce8-84cc-a085149b018e','e5e2aa14-3805-460d-aeab-f30b69900be6',NULL,'Suspended',NULL,'2021-06-29 13:31:43.031000',NULL,FALSE,'Approver: Evaluate the request',FALSE)
DELETE FROM "system$workflowactivity_taskinstance" WHERE "system$workflowactivityid"=6755399441056046 AND "system$workflowtaskinstanceid"=18577348462903597
INSERT INTO "system$workflowactivity_taskinstance" VALUES(6755399441056046,18577348462903597)
COMMIT
INSERT INTO "system$processedqueuetask" VALUES(17451448556061075,'Completed','2021-06-29 13:31:44.088000',0,'[{"value":"4222124650660141","type":"Identifier"},{"value":true,"type":"Boolean"}]','b9244d80-c9a6-4bcb-935f-36a3a44af730',39,'2021-06-29 13:31:44.030000',NULL,'MendixWorkflows-ExecuteWorkflow','289bfa98-7852-4470-aa4b-fc3e2cbe929f',45,NULL,'System.MendixWorkflows-WorkflowExecution')
DELETE FROM "system$queuedtask" WHERE "id"=4503599627370799
COMMIT
/*C6*/DELETE FROM "mendixsystem$entityidentifier" WHERE "id"='8565e2a2-b881-45dd-9d47-3a46cc1560ef'
INSERT INTO "mendixsystem$entityidentifier" VALUES('8565e2a2-b881-45dd-9d47-3a46cc1560ef',36,401)
COMMIT
/*C3*/DELETE FROM "system$session" WHERE "id"=7318349394477458
DELETE FROM "system$session_user" WHERE "system$sessionid"=7318349394477458 AND "system$userid"=11258999068426242
COMMIT
/*C6*/DELETE FROM "system$user" WHERE "id"=11258999068426243
INSERT INTO "system$user" VALUES(11258999068426243,'2021-05-21 00:29:49.430000',TRUE,'2021-05-21 00:29:49.430000','2021-06-29 13:31:55.001000',FALSE,FALSE,0,FALSE,'demo_approver','{BCrypt}$2a$10$gZIgs4jIkYE4RMVbiaeJTu5dWHl2NdO3f3ujuVrMLEOWr7NSnaHoa','MendixSSO.MendixSSOUser',NULL,11258999068426243)
COMMIT
INSERT INTO "system$session" VALUES(7318349394477459,NULL,'fd9ef3a2-1013-485c-b338-341dc291aed9','2021-06-29 13:31:55.010000','6a95d187-a819-453b-ad82-6594f688ca01','2021-06-29 13:31:55.010000',FALSE,'c4992221-26f4-4499-b432-e8f83ff6c059')
INSERT INTO "system$session_user" VALUES(7318349394477459,11258999068426243)
COMMIT
DELETE FROM "system$session" WHERE "id"=7318349394477459
INSERT INTO "system$session" VALUES(7318349394477459,NULL,'fd9ef3a2-1013-485c-b338-341dc291aed9','2021-06-29 13:31:55.010000','6a95d187-a819-453b-ad82-6594f688ca01','2021-06-29 13:31:55.182000',FALSE,'c4992221-26f4-4499-b432-e8f83ff6c059')
COMMIT
DELETE FROM "mendixsystem$entityidentifier" WHERE "id"='ff2e4760-27be-4004-a01d-84e0ede8e109'
INSERT INTO "mendixsystem$entityidentifier" VALUES('ff2e4760-27be-4004-a01d-84e0ede8e109',10,301)
COMMIT
/*C2*/DELETE FROM "mendixsystem$entityidentifier" WHERE "id"='886ed08e-cc84-40dd-8e24-066ff95fed18'
INSERT INTO "mendixsystem$entityidentifier" VALUES('886ed08e-cc84-40dd-8e24-066ff95fed18',39,401)
COMMIT
/*C8*/INSERT INTO "approvals$workflowusertaskcontext_mendixssouser_approverlist" VALUES(18858823439614253,11258999068426243)
COMMIT
/*C9*/DELETE FROM "system$session" WHERE "id"=7318349394477459
DELETE FROM "system$session_user" WHERE "system$sessionid"=7318349394477459 AND "system$userid"=11258999068426243
COMMIT
DELETE FROM "system$user" WHERE "id"=11258999068426242
INSERT INTO "system$user" VALUES(11258999068426242,'2021-05-21 00:29:49.323000',TRUE,'2021-05-21 00:29:49.323000','2021-06-29 13:32:09.298000',FALSE,FALSE,0,FALSE,'demo_requester','{BCrypt}$2a$10$nNTyv11vqYSRgubWkGjVUup4YEHPk3az1v0nphlc91mWIrggspniK','MendixSSO.MendixSSOUser',NULL,11258999068426242)
COMMIT
/*C7*/SET SCHEMA PUBLIC
INSERT INTO "system$session" VALUES(7318349394477460,NULL,'c2215af6-c8ea-460e-9f1a-157246aaba16','2021-06-29 13:32:09.305000','fa2cdfe5-3ce2-45ef-90a3-3129893837e7','2021-06-29 13:32:09.305000',FALSE,'d6854f59-1402-41bf-a464-f3ac21e9ed6e')
INSERT INTO "system$session_user" VALUES(7318349394477460,11258999068426242)
COMMIT
/*C6*/DELETE FROM "system$session" WHERE "id"=7318349394477460
INSERT INTO "system$session" VALUES(7318349394477460,NULL,'c2215af6-c8ea-460e-9f1a-157246aaba16','2021-06-29 13:32:09.305000','fa2cdfe5-3ce2-45ef-90a3-3129893837e7','2021-06-29 13:32:09.511000',FALSE,'d6854f59-1402-41bf-a464-f3ac21e9ed6e')
COMMIT
DELETE FROM "system$session" WHERE "id"=7318349394477460
DELETE FROM "system$session_user" WHERE "system$sessionid"=7318349394477460 AND "system$userid"=11258999068426242
COMMIT
/*C4*/DELETE FROM "system$user" WHERE "id"=11258999068426341
INSERT INTO "system$user" VALUES(11258999068426341,'2021-05-21 01:54:39.672000',TRUE,'2021-05-21 01:54:39.672000','2021-06-29 13:32:20.440000',FALSE,FALSE,0,FALSE,'demo_approver2','{BCrypt}$2a$10$Fo1bkpeR6qAC9TOJ/uowveYXfP9sbooi8Ca1RlsNwkAWMokNaNcNW','MendixSSO.MendixSSOUser',NULL,11258999068426341)
COMMIT
/*C8*/INSERT INTO "system$session" VALUES(7318349394477461,NULL,'b617438b-c2b7-4957-a60e-4724e41dcf21','2021-06-29 13:32:20.447000','8d95e884-ebb1-4f2b-9fb4-f9baef40a4e6','2021-06-29 13:32:20.447000',FALSE,'dfeb8256-b852-4ba6-8d39-36df893b4899')
INSERT INTO "system$session_user" VALUES(7318349394477461,11258999068426341)
COMMIT
DELETE FROM "system$session" WHERE "id"=7318349394477461
INSERT INTO "system$session" VALUES(7318349394477461,NULL,'b617438b-c2b7-4957-a60e-4724e41dcf21','2021-06-29 13:32:20.447000','8d95e884-ebb1-4f2b-9fb4-f9baef40a4e6','2021-06-29 13:32:20.654000',FALSE,'dfeb8256-b852-4ba6-8d39-36df893b4899')
COMMIT
/*C9*/DELETE FROM "system$workflowtaskinstance" WHERE "id"=18577348462903597
INSERT INTO "system$workflowtaskinstance" VALUES(18577348462903597,'2021-06-29 13:32:29.366000','Approved','Completed','2021-06-29 13:31:43.039000','7a7aa884-957a-4988-a70f-cf3f0378875c',NULL,'System.WorkflowUserTask')
DELETE FROM "system$taskinstance_workflowinstance" WHERE "system$workflowtaskinstanceid"=18577348462903597 AND "system$workflowinstanceid"=4222124650660141
INSERT INTO "system$taskinstance_workflowinstance" VALUES(18577348462903597,4222124650660141)
DELETE FROM "system$taskinstance_taskdefinition" WHERE "system$workflowtaskinstanceid"=18577348462903597 AND "system$workflowtaskdefinitionid"=2533274790395905
INSERT INTO "system$taskinstance_taskdefinition" VALUES(18577348462903597,2533274790395905)
INSERT INTO "system$queuedtask" VALUES(4503599627370800,'Idle',NULL,'MendixWorkflows-ExecuteWorkflow',NULL,NULL,NULL,0,'[{"value":"4222124650660141","type":"Identifier"},{"value":true,"type":"Boolean"}]','b9244d80-c9a6-4bcb-935f-36a3a44af730',40,'System.MendixWorkflows-WorkflowExecution','2021-06-29 13:32:29.368000')
COMMIT
/*C3*/INSERT INTO "approvals$workflowusertaskcontext_mendixssouser_approverlist" VALUES(18858823439614253,11258999068426341)
COMMIT
/*C5*/ALTER SEQUENCE PUBLIC."system$queuedtask_sequence_mxseq" RESTART WITH 41
/*C7*/DELETE FROM "system$queuedtask" WHERE "id"=4503599627370800
INSERT INTO "system$queuedtask" VALUES(4503599627370800,'Running',NULL,'MendixWorkflows-ExecuteWorkflow','2021-06-29 13:32:29.512000','289bfa98-7852-4470-aa4b-fc3e2cbe929f',46,0,'[{"value":"4222124650660141","type":"Identifier"},{"value":true,"type":"Boolean"}]','b9244d80-c9a6-4bcb-935f-36a3a44af730',40,'System.MendixWorkflows-WorkflowExecution','2021-06-29 13:32:29.368000')
COMMIT
/*C4*/DELETE FROM "mendixsystem$entityidentifier" WHERE "id"='4153f6f9-12c8-4327-b48b-76d7d3398d2d'
INSERT INTO "mendixsystem$entityidentifier" VALUES('4153f6f9-12c8-4327-b48b-76d7d3398d2d',28,201)
COMMIT
/*C8*/DELETE FROM "system$workflowinstance" WHERE "id"=4222124650660141
INSERT INTO "system$workflowtaskinstance" VALUES(7881299347898469,NULL,NULL,'Initialized','2021-06-29 13:32:29.538000',NULL,NULL,'System.WorkflowSystemTask')
INSERT INTO "system$taskinstance_taskdefinition" VALUES(7881299347898469,2533274790395906)
INSERT INTO "system$taskinstance_workflowinstance" VALUES(7881299347898469,4222124650660141)
INSERT INTO "system$workflowsystemtask" VALUES(7881299347898469)
INSERT INTO "system$queuedtask" VALUES(4503599627370801,'Idle',NULL,'MendixWorkflows-ExecuteSystemTask',NULL,NULL,NULL,0,'[{"value":"7881299347898469","type":"Identifier"}]','6b752dcb-6621-4f8e-a962-7e3331aa8a55',41,'System.MendixWorkflows-DefaultTaskExecution','2021-06-29 13:32:29.545000')
INSERT INTO "system$workflowinstance" VALUES(4222124650660141,NULL,'Approvals Workflow','InProgress','This workflow allows you to Approve or Reject a request. It is initiated when you save a new request.','2021-06-29 13:31:42.281000','2021-07-07 13:31:42.274000',NULL,11258999068426242)
DELETE FROM "system$workflowinstance_currentactivity" WHERE "system$workflowinstanceid"=4222124650660141 AND "system$workflowactivityid"=6755399441056046
INSERT INTO "system$workflowinstance_currentactivity" VALUES(4222124650660141,6755399441056047)
DELETE FROM "system$workflowinstance_workflowcontext" WHERE "system$workflowinstanceid"=4222124650660141 AND "system$workflowcontextid"=7036874417766701
INSERT INTO "system$workflowinstance_workflowcontext" VALUES(4222124650660141,7036874417766701)
DELETE FROM "system$workflowinstance_workflowdefinition" WHERE "system$workflowinstanceid"=4222124650660141 AND "system$workflowdefinitionid"=12103423998558209
INSERT INTO "system$workflowinstance_workflowdefinition" VALUES(4222124650660141,12103423998558209)
INSERT INTO "system$workflowactivity" VALUES(6755399441056047,'90ebd887-487c-4fcd-822b-ebfa821f2c60','5beaaf47-e7f7-467a-9f80-af649385cd52',NULL,'Suspended',NULL,'2021-06-29 13:32:29.534000',NULL,FALSE,'Approve',FALSE)
INSERT INTO "system$workflowactivity_workflowinstance" VALUES(6755399441056047,4222124650660141)
INSERT INTO "system$workflowactivity_workflowversion" VALUES(6755399441056047,9288674231451649)
INSERT INTO "system$workflowactivity_previousactivity" VALUES(6755399441056047,6755399441056046)
INSERT INTO "system$workflowactivity_taskinstance" VALUES(6755399441056047,7881299347898469)
DELETE FROM "system$workflowactivity" WHERE "id"=6755399441056046
INSERT INTO "system$workflowactivity" VALUES(6755399441056046,'6ec45cf4-ab69-4ce8-84cc-a085149b018e','e5e2aa14-3805-460d-aeab-f30b69900be6','2021-06-29 13:32:29.534000','Finished',NULL,'2021-06-29 13:31:43.031000',NULL,FALSE,'Approver: Evaluate the request',FALSE)
DELETE FROM "system$workflowactivity_taskinstance" WHERE "system$workflowactivityid"=6755399441056046 AND "system$workflowtaskinstanceid"=18577348462903597
INSERT INTO "system$workflowactivity_taskinstance" VALUES(6755399441056046,18577348462903597)
COMMIT
INSERT INTO "system$processedqueuetask" VALUES(17451448556061076,'Completed','2021-06-29 13:32:29.512000',0,'[{"value":"4222124650660141","type":"Identifier"},{"value":true,"type":"Boolean"}]','b9244d80-c9a6-4bcb-935f-36a3a44af730',40,'2021-06-29 13:32:29.368000',NULL,'MendixWorkflows-ExecuteWorkflow','289bfa98-7852-4470-aa4b-fc3e2cbe929f',46,NULL,'System.MendixWorkflows-WorkflowExecution')
DELETE FROM "system$queuedtask" WHERE "id"=4503599627370800
COMMIT
DELETE FROM "system$queuedtask" WHERE "id"=4503599627370801
INSERT INTO "system$queuedtask" VALUES(4503599627370801,'Running',NULL,'MendixWorkflows-ExecuteSystemTask','2021-06-29 13:32:30.505000','289bfa98-7852-4470-aa4b-fc3e2cbe929f',50,0,'[{"value":"7881299347898469","type":"Identifier"}]','6b752dcb-6621-4f8e-a962-7e3331aa8a55',41,'System.MendixWorkflows-DefaultTaskExecution','2021-06-29 13:32:29.545000')
COMMIT
/*C4*/ALTER SEQUENCE PUBLIC."system$queuedtask_sequence_mxseq" RESTART WITH 42
/*C2*/DELETE FROM "approvals$request" WHERE "id"=7036874417766701
INSERT INTO "approvals$request" VALUES(7036874417766701,'Approved',NULL,9,'m1')
DELETE FROM "system$workflowtaskinstance" WHERE "id"=7881299347898469
INSERT INTO "system$workflowtaskinstance" VALUES(7881299347898469,'2021-06-29 13:32:30.519000','<void>','Completed','2021-06-29 13:32:29.538000','c033d930-af79-45d8-a457-760157c60fbb',NULL,'System.WorkflowSystemTask')
DELETE FROM "system$taskinstance_taskdefinition" WHERE "system$workflowtaskinstanceid"=7881299347898469 AND "system$workflowtaskdefinitionid"=2533274790395906
INSERT INTO "system$taskinstance_taskdefinition" VALUES(7881299347898469,2533274790395906)
DELETE FROM "system$taskinstance_workflowinstance" WHERE "system$workflowtaskinstanceid"=7881299347898469 AND "system$workflowinstanceid"=4222124650660141
INSERT INTO "system$taskinstance_workflowinstance" VALUES(7881299347898469,4222124650660141)
INSERT INTO "system$queuedtask" VALUES(4503599627370802,'Idle',NULL,'MendixWorkflows-ExecuteWorkflow',NULL,NULL,NULL,0,'[{"value":"4222124650660141","type":"Identifier"},{"value":true,"type":"Boolean"}]','b9244d80-c9a6-4bcb-935f-36a3a44af730',42,'System.MendixWorkflows-WorkflowExecution','2021-06-29 13:32:30.523000')
COMMIT
INSERT INTO "system$processedqueuetask" VALUES(17451448556061077,'Completed','2021-06-29 13:32:30.505000',0,'[{"value":"7881299347898469","type":"Identifier"}]','6b752dcb-6621-4f8e-a962-7e3331aa8a55',41,'2021-06-29 13:32:29.545000',NULL,'MendixWorkflows-ExecuteSystemTask','289bfa98-7852-4470-aa4b-fc3e2cbe929f',50,NULL,'System.MendixWorkflows-DefaultTaskExecution')
DELETE FROM "system$queuedtask" WHERE "id"=4503599627370801
COMMIT
/*C3*/ALTER SEQUENCE PUBLIC."system$queuedtask_sequence_mxseq" RESTART WITH 43
DELETE FROM "system$queuedtask" WHERE "id"=4503599627370802
INSERT INTO "system$queuedtask" VALUES(4503599627370802,'Running',NULL,'MendixWorkflows-ExecuteWorkflow','2021-06-29 13:32:30.537000','289bfa98-7852-4470-aa4b-fc3e2cbe929f',43,0,'[{"value":"4222124650660141","type":"Identifier"},{"value":true,"type":"Boolean"}]','b9244d80-c9a6-4bcb-935f-36a3a44af730',42,'System.MendixWorkflows-WorkflowExecution','2021-06-29 13:32:30.523000')
COMMIT
/*C8*/DELETE FROM "system$workflowinstance" WHERE "id"=4222124650660141
INSERT INTO "system$workflowinstance" VALUES(4222124650660141,'2021-06-29 13:32:30.548000','Approvals Workflow','Completed','This workflow allows you to Approve or Reject a request. It is initiated when you save a new request.','2021-06-29 13:31:42.281000','2021-07-07 13:31:42.274000',NULL,11258999068426242)
DELETE FROM "system$workflowinstance_currentactivity" WHERE "system$workflowinstanceid"=4222124650660141 AND "system$workflowactivityid"=6755399441056047
INSERT INTO "system$workflowinstance_currentactivity" VALUES(4222124650660141,6755399441056048)
DELETE FROM "system$workflowinstance_workflowcontext" WHERE "system$workflowinstanceid"=4222124650660141 AND "system$workflowcontextid"=7036874417766701
INSERT INTO "system$workflowinstance_workflowcontext" VALUES(4222124650660141,7036874417766701)
DELETE FROM "system$workflowinstance_workflowdefinition" WHERE "system$workflowinstanceid"=4222124650660141 AND "system$workflowdefinitionid"=12103423998558209
INSERT INTO "system$workflowinstance_workflowdefinition" VALUES(4222124650660141,12103423998558209)
INSERT INTO "system$workflowactivity" VALUES(6755399441056048,'db5de240-7859-371e-a557-3709e829f99d','a8907ece-19d4-4e91-b663-21e393d90a3d','2021-06-29 13:32:30.548000','Finished',NULL,'2021-06-29 13:32:30.547000',NULL,FALSE,'end',FALSE)
INSERT INTO "system$workflowactivity_workflowinstance" VALUES(6755399441056048,4222124650660141)
INSERT INTO "system$workflowactivity_workflowversion" VALUES(6755399441056048,9288674231451649)
INSERT INTO "system$workflowactivity_previousactivity" VALUES(6755399441056048,6755399441056047)
DELETE FROM "system$workflowactivity" WHERE "id"=6755399441056047
INSERT INTO "system$workflowactivity" VALUES(6755399441056047,'90ebd887-487c-4fcd-822b-ebfa821f2c60','5beaaf47-e7f7-467a-9f80-af649385cd52','2021-06-29 13:32:30.547000','Finished',NULL,'2021-06-29 13:32:29.534000',NULL,FALSE,'Approve',FALSE)
DELETE FROM "system$workflowactivity_taskinstance" WHERE "system$workflowactivityid"=6755399441056047 AND "system$workflowtaskinstanceid"=7881299347898469
INSERT INTO "system$workflowactivity_taskinstance" VALUES(6755399441056047,7881299347898469)
COMMIT
INSERT INTO "system$processedqueuetask" VALUES(17451448556061078,'Completed','2021-06-29 13:32:30.537000',0,'[{"value":"4222124650660141","type":"Identifier"},{"value":true,"type":"Boolean"}]','b9244d80-c9a6-4bcb-935f-36a3a44af730',42,'2021-06-29 13:32:30.523000',NULL,'MendixWorkflows-ExecuteWorkflow','289bfa98-7852-4470-aa4b-fc3e2cbe929f',43,NULL,'System.MendixWorkflows-WorkflowExecution')
DELETE FROM "system$queuedtask" WHERE "id"=4503599627370802
COMMIT
/*C3*/DELETE FROM "system$session" WHERE "id"=7318349394477461
DELETE FROM "system$session_user" WHERE "system$sessionid"=7318349394477461 AND "system$userid"=11258999068426341
COMMIT
/*C8*/DELETE FROM "system$user" WHERE "id"=11258999068426242
INSERT INTO "system$user" VALUES(11258999068426242,'2021-05-21 00:29:49.323000',TRUE,'2021-05-21 00:29:49.323000','2021-06-29 13:32:34.325000',FALSE,FALSE,0,FALSE,'demo_requester','{BCrypt}$2a$10$nNTyv11vqYSRgubWkGjVUup4YEHPk3az1v0nphlc91mWIrggspniK','MendixSSO.MendixSSOUser',NULL,11258999068426242)
COMMIT
/*C4*/INSERT INTO "system$session" VALUES(7318349394477462,NULL,'8f9cb972-d8d0-406a-be7a-4905324ced21','2021-06-29 13:32:34.332000','a45eec19-5b16-45f5-8fbe-5194a608a7c8','2021-06-29 13:32:34.332000',FALSE,'ba3b8fba-373c-43bf-b0ee-452ff1859c7d')
INSERT INTO "system$session_user" VALUES(7318349394477462,11258999068426242)
COMMIT
DELETE FROM "system$session" WHERE "id"=7318349394477462
INSERT INTO "system$session" VALUES(7318349394477462,NULL,'8f9cb972-d8d0-406a-be7a-4905324ced21','2021-06-29 13:32:34.332000','a45eec19-5b16-45f5-8fbe-5194a608a7c8','2021-06-29 13:32:34.499000',FALSE,'ba3b8fba-373c-43bf-b0ee-452ff1859c7d')
COMMIT
/*C8*/DELETE FROM "system$session" WHERE "id"=7318349394477462
INSERT INTO "system$session" VALUES(7318349394477462,NULL,'8f9cb972-d8d0-406a-be7a-4905324ced21','2021-06-29 13:32:34.332000','a45eec19-5b16-45f5-8fbe-5194a608a7c8','2021-06-29 13:32:34.936000',FALSE,'ba3b8fba-373c-43bf-b0ee-452ff1859c7d')
COMMIT
/*C4*/DELETE FROM "system$session" WHERE "id"=7318349394477462
DELETE FROM "system$session_user" WHERE "system$sessionid"=7318349394477462 AND "system$userid"=11258999068426242
COMMIT
/*C8*/DELETE FROM "system$user" WHERE "id"=11258999068426243
INSERT INTO "system$user" VALUES(11258999068426243,'2021-05-21 00:29:49.430000',TRUE,'2021-05-21 00:29:49.430000','2021-06-29 13:34:00.606000',FALSE,FALSE,0,FALSE,'demo_approver','{BCrypt}$2a$10$gZIgs4jIkYE4RMVbiaeJTu5dWHl2NdO3f3ujuVrMLEOWr7NSnaHoa','MendixSSO.MendixSSOUser',NULL,11258999068426243)
COMMIT
INSERT INTO "system$session" VALUES(7318349394477463,NULL,'12467ac5-a18c-4a25-86d0-af673a43aeb5','2021-06-29 13:34:00.613000','fb5d1ed2-43fa-41ec-8903-b69b9faf7444','2021-06-29 13:34:00.613000',FALSE,'934a4aaa-ca1d-412d-89d7-492ff3ae0be5')
INSERT INTO "system$session_user" VALUES(7318349394477463,11258999068426243)
COMMIT
DELETE FROM "system$session" WHERE "id"=7318349394477463
INSERT INTO "system$session" VALUES(7318349394477463,NULL,'12467ac5-a18c-4a25-86d0-af673a43aeb5','2021-06-29 13:34:00.613000','fb5d1ed2-43fa-41ec-8903-b69b9faf7444','2021-06-29 13:34:00.957000',FALSE,'934a4aaa-ca1d-412d-89d7-492ff3ae0be5')
COMMIT
/*C7*/DELETE FROM "system$session" WHERE "id"=7318349394477463
INSERT INTO "system$session" VALUES(7318349394477463,NULL,'12467ac5-a18c-4a25-86d0-af673a43aeb5','2021-06-29 13:34:00.613000','fb5d1ed2-43fa-41ec-8903-b69b9faf7444','2021-06-29 13:34:05.159000',FALSE,'934a4aaa-ca1d-412d-89d7-492ff3ae0be5')
COMMIT
